<?xml version="1.0" encoding="UTF-8"?>
<!-- Generated by org.testng.reporters.JUnitReportReporter -->
<testsuite hostname="AIPL4274LT11069" failures="0" tests="5" name="testcases.AgifyTest" time="10.572" errors="0" timestamp="2024-09-25T11:29:53 IST" skipped="0">
  <testcase classname="testcases.AgifyTest" name="testAgifyApi" time="1.483"/>
  <system-out/>
  <testcase classname="testcases.AgifyTest" name="testAgifyApi" time="4.437"/>
  <system-out/>
  <testcase classname="testcases.AgifyTest" name="testAgifyApi" time="1.478"/>
  <system-out/>
  <testcase classname="testcases.AgifyTest" name="testAgifyApi" time="1.649"/>
  <system-out/>
  <testcase classname="testcases.AgifyTest" name="testAgifyApi" time="1.525"/>
  <system-out/>
</testsuite> <!-- testcases.AgifyTest -->
